<?xml version="1.0" encoding="UTF-8"?>
<testsuite xmlns:xsi="http://www.w3.org/2001/XMLSchema-instance" xsi:noNamespaceSchemaLocation="https://maven.apache.org/surefire/maven-surefire-plugin/xsd/surefire-test-report.xsd" name="com.lengcz.springbootipdb.SpringbootIpdbApplicationTests" time="6.224" tests="1" errors="0" skipped="0" failures="0">
  <properties>
    <property name="sun.desktop" value="windows"/>
    <property name="awt.toolkit" value="sun.awt.windows.WToolkit"/>
    <property name="file.encoding.pkg" value="sun.io"/>
    <property name="java.specification.version" value="1.8"/>
    <property name="sun.cpu.isalist" value="amd64"/>
    <property name="sun.jnu.encoding" value="GBK"/>
    <property name="java.class.path" value="E:\ideaworkspace\springboot-test2\springboot-ipdb\target\test-classes;E:\ideaworkspace\springboot-test2\springboot-ipdb\target\classes;D:\developsoft\maven\repository\org\springframework\boot\spring-boot-starter-web\2.6.7\spring-boot-starter-web-2.6.7.jar;D:\developsoft\maven\repository\org\springframework\boot\spring-boot-starter\2.6.7\spring-boot-starter-2.6.7.jar;D:\developsoft\maven\repository\org\springframework\boot\spring-boot\2.6.7\spring-boot-2.6.7.jar;D:\developsoft\maven\repository\org\springframework\boot\spring-boot-autoconfigure\2.6.7\spring-boot-autoconfigure-2.6.7.jar;D:\developsoft\maven\repository\org\springframework\boot\spring-boot-starter-logging\2.6.7\spring-boot-starter-logging-2.6.7.jar;D:\developsoft\maven\repository\ch\qos\logback\logback-classic\1.2.11\logback-classic-1.2.11.jar;D:\developsoft\maven\repository\ch\qos\logback\logback-core\1.2.11\logback-core-1.2.11.jar;D:\developsoft\maven\repository\org\apache\logging\log4j\log4j-to-slf4j\2.17.2\log4j-to-slf4j-2.17.2.jar;D:\developsoft\maven\repository\org\apache\logging\log4j\log4j-api\2.17.2\log4j-api-2.17.2.jar;D:\developsoft\maven\repository\org\slf4j\jul-to-slf4j\1.7.36\jul-to-slf4j-1.7.36.jar;D:\developsoft\maven\repository\jakarta\annotation\jakarta.annotation-api\1.3.5\jakarta.annotation-api-1.3.5.jar;D:\developsoft\maven\repository\org\yaml\snakeyaml\1.29\snakeyaml-1.29.jar;D:\developsoft\maven\repository\org\springframework\boot\spring-boot-starter-json\2.6.7\spring-boot-starter-json-2.6.7.jar;D:\developsoft\maven\repository\com\fasterxml\jackson\core\jackson-databind\2.13.2.1\jackson-databind-2.13.2.1.jar;D:\developsoft\maven\repository\com\fasterxml\jackson\core\jackson-annotations\2.13.2\jackson-annotations-2.13.2.jar;D:\developsoft\maven\repository\com\fasterxml\jackson\core\jackson-core\2.13.2\jackson-core-2.13.2.jar;D:\developsoft\maven\repository\com\fasterxml\jackson\datatype\jackson-datatype-jdk8\2.13.2\jackson-datatype-jdk8-2.13.2.jar;D:\developsoft\maven\repository\com\fasterxml\jackson\datatype\jackson-datatype-jsr310\2.13.2\jackson-datatype-jsr310-2.13.2.jar;D:\developsoft\maven\repository\com\fasterxml\jackson\module\jackson-module-parameter-names\2.13.2\jackson-module-parameter-names-2.13.2.jar;D:\developsoft\maven\repository\org\springframework\boot\spring-boot-starter-tomcat\2.6.7\spring-boot-starter-tomcat-2.6.7.jar;D:\developsoft\maven\repository\org\apache\tomcat\embed\tomcat-embed-core\9.0.62\tomcat-embed-core-9.0.62.jar;D:\developsoft\maven\repository\org\apache\tomcat\embed\tomcat-embed-el\9.0.62\tomcat-embed-el-9.0.62.jar;D:\developsoft\maven\repository\org\apache\tomcat\embed\tomcat-embed-websocket\9.0.62\tomcat-embed-websocket-9.0.62.jar;D:\developsoft\maven\repository\org\springframework\spring-web\5.3.19\spring-web-5.3.19.jar;D:\developsoft\maven\repository\org\springframework\spring-beans\5.3.19\spring-beans-5.3.19.jar;D:\developsoft\maven\repository\org\springframework\spring-webmvc\5.3.19\spring-webmvc-5.3.19.jar;D:\developsoft\maven\repository\org\springframework\spring-aop\5.3.19\spring-aop-5.3.19.jar;D:\developsoft\maven\repository\org\springframework\spring-context\5.3.19\spring-context-5.3.19.jar;D:\developsoft\maven\repository\org\springframework\spring-expression\5.3.19\spring-expression-5.3.19.jar;D:\developsoft\maven\repository\org\springframework\boot\spring-boot-starter-test\2.6.7\spring-boot-starter-test-2.6.7.jar;D:\developsoft\maven\repository\org\springframework\boot\spring-boot-test\2.6.7\spring-boot-test-2.6.7.jar;D:\developsoft\maven\repository\org\springframework\boot\spring-boot-test-autoconfigure\2.6.7\spring-boot-test-autoconfigure-2.6.7.jar;D:\developsoft\maven\repository\com\jayway\jsonpath\json-path\2.6.0\json-path-2.6.0.jar;D:\developsoft\maven\repository\net\minidev\json-smart\2.4.8\json-smart-2.4.8.jar;D:\developsoft\maven\repository\net\minidev\accessors-smart\2.4.8\accessors-smart-2.4.8.jar;D:\developsoft\maven\repository\org\ow2\asm\asm\9.1\asm-9.1.jar;D:\developsoft\maven\repository\org\slf4j\slf4j-api\1.7.36\slf4j-api-1.7.36.jar;D:\developsoft\maven\repository\jakarta\xml\bind\jakarta.xml.bind-api\2.3.3\jakarta.xml.bind-api-2.3.3.jar;D:\developsoft\maven\repository\jakarta\activation\jakarta.activation-api\1.2.2\jakarta.activation-api-1.2.2.jar;D:\developsoft\maven\repository\org\assertj\assertj-core\3.21.0\assertj-core-3.21.0.jar;D:\developsoft\maven\repository\org\hamcrest\hamcrest\2.2\hamcrest-2.2.jar;D:\developsoft\maven\repository\org\junit\jupiter\junit-jupiter\5.8.2\junit-jupiter-5.8.2.jar;D:\developsoft\maven\repository\org\junit\jupiter\junit-jupiter-api\5.8.2\junit-jupiter-api-5.8.2.jar;D:\developsoft\maven\repository\org\opentest4j\opentest4j\1.2.0\opentest4j-1.2.0.jar;D:\developsoft\maven\repository\org\junit\platform\junit-platform-commons\1.8.2\junit-platform-commons-1.8.2.jar;D:\developsoft\maven\repository\org\apiguardian\apiguardian-api\1.1.2\apiguardian-api-1.1.2.jar;D:\developsoft\maven\repository\org\junit\jupiter\junit-jupiter-params\5.8.2\junit-jupiter-params-5.8.2.jar;D:\developsoft\maven\repository\org\junit\jupiter\junit-jupiter-engine\5.8.2\junit-jupiter-engine-5.8.2.jar;D:\developsoft\maven\repository\org\junit\platform\junit-platform-engine\1.8.2\junit-platform-engine-1.8.2.jar;D:\developsoft\maven\repository\org\mockito\mockito-core\4.0.0\mockito-core-4.0.0.jar;D:\developsoft\maven\repository\net\bytebuddy\byte-buddy\1.11.22\byte-buddy-1.11.22.jar;D:\developsoft\maven\repository\net\bytebuddy\byte-buddy-agent\1.11.22\byte-buddy-agent-1.11.22.jar;D:\developsoft\maven\repository\org\objenesis\objenesis\3.2\objenesis-3.2.jar;D:\developsoft\maven\repository\org\mockito\mockito-junit-jupiter\4.0.0\mockito-junit-jupiter-4.0.0.jar;D:\developsoft\maven\repository\org\skyscreamer\jsonassert\1.5.0\jsonassert-1.5.0.jar;D:\developsoft\maven\repository\com\vaadin\external\google\android-json\0.0.20131108.vaadin1\android-json-0.0.20131108.vaadin1.jar;D:\developsoft\maven\repository\org\springframework\spring-core\5.3.19\spring-core-5.3.19.jar;D:\developsoft\maven\repository\org\springframework\spring-jcl\5.3.19\spring-jcl-5.3.19.jar;D:\developsoft\maven\repository\org\springframework\spring-test\5.3.19\spring-test-5.3.19.jar;D:\developsoft\maven\repository\org\xmlunit\xmlunit-core\2.8.4\xmlunit-core-2.8.4.jar;D:\developsoft\maven\repository\net\ipip\ipdb\1.1.3\ipdb-1.1.3.jar;D:\developsoft\maven\repository\com\alibaba\fastjson\1.2.60\fastjson-1.2.60.jar;"/>
    <property name="java.vm.vendor" value="Oracle Corporation"/>
    <property name="sun.arch.data.model" value="64"/>
    <property name="user.variant" value=""/>
    <property name="java.vendor.url" value="http://java.oracle.com/"/>
    <property name="user.timezone" value="Asia/Shanghai"/>
    <property name="java.vm.specification.version" value="1.8"/>
    <property name="os.name" value="Windows 10"/>
    <property name="user.country" value="CN"/>
    <property name="sun.java.launcher" value="SUN_STANDARD"/>
    <property name="sun.boot.library.path" value="D:\developsoft\java\jdk8\jre\bin"/>
    <property name="sun.java.command" value="C:\Users\Lenovo\AppData\Local\Temp\surefire5472885714875762009\surefirebooter4148297726335729336.jar C:\Users\Lenovo\AppData\Local\Temp\surefire5472885714875762009 2022-05-06T17-06-37_263-jvmRun1 surefire465473705450601167tmp surefire_0916990309097959021tmp"/>
    <property name="surefire.test.class.path" value="E:\ideaworkspace\springboot-test2\springboot-ipdb\target\test-classes;E:\ideaworkspace\springboot-test2\springboot-ipdb\target\classes;D:\developsoft\maven\repository\org\springframework\boot\spring-boot-starter-web\2.6.7\spring-boot-starter-web-2.6.7.jar;D:\developsoft\maven\repository\org\springframework\boot\spring-boot-starter\2.6.7\spring-boot-starter-2.6.7.jar;D:\developsoft\maven\repository\org\springframework\boot\spring-boot\2.6.7\spring-boot-2.6.7.jar;D:\developsoft\maven\repository\org\springframework\boot\spring-boot-autoconfigure\2.6.7\spring-boot-autoconfigure-2.6.7.jar;D:\developsoft\maven\repository\org\springframework\boot\spring-boot-starter-logging\2.6.7\spring-boot-starter-logging-2.6.7.jar;D:\developsoft\maven\repository\ch\qos\logback\logback-classic\1.2.11\logback-classic-1.2.11.jar;D:\developsoft\maven\repository\ch\qos\logback\logback-core\1.2.11\logback-core-1.2.11.jar;D:\developsoft\maven\repository\org\apache\logging\log4j\log4j-to-slf4j\2.17.2\log4j-to-slf4j-2.17.2.jar;D:\developsoft\maven\repository\org\apache\logging\log4j\log4j-api\2.17.2\log4j-api-2.17.2.jar;D:\developsoft\maven\repository\org\slf4j\jul-to-slf4j\1.7.36\jul-to-slf4j-1.7.36.jar;D:\developsoft\maven\repository\jakarta\annotation\jakarta.annotation-api\1.3.5\jakarta.annotation-api-1.3.5.jar;D:\developsoft\maven\repository\org\yaml\snakeyaml\1.29\snakeyaml-1.29.jar;D:\developsoft\maven\repository\org\springframework\boot\spring-boot-starter-json\2.6.7\spring-boot-starter-json-2.6.7.jar;D:\developsoft\maven\repository\com\fasterxml\jackson\core\jackson-databind\2.13.2.1\jackson-databind-2.13.2.1.jar;D:\developsoft\maven\repository\com\fasterxml\jackson\core\jackson-annotations\2.13.2\jackson-annotations-2.13.2.jar;D:\developsoft\maven\repository\com\fasterxml\jackson\core\jackson-core\2.13.2\jackson-core-2.13.2.jar;D:\developsoft\maven\repository\com\fasterxml\jackson\datatype\jackson-datatype-jdk8\2.13.2\jackson-datatype-jdk8-2.13.2.jar;D:\developsoft\maven\repository\com\fasterxml\jackson\datatype\jackson-datatype-jsr310\2.13.2\jackson-datatype-jsr310-2.13.2.jar;D:\developsoft\maven\repository\com\fasterxml\jackson\module\jackson-module-parameter-names\2.13.2\jackson-module-parameter-names-2.13.2.jar;D:\developsoft\maven\repository\org\springframework\boot\spring-boot-starter-tomcat\2.6.7\spring-boot-starter-tomcat-2.6.7.jar;D:\developsoft\maven\repository\org\apache\tomcat\embed\tomcat-embed-core\9.0.62\tomcat-embed-core-9.0.62.jar;D:\developsoft\maven\repository\org\apache\tomcat\embed\tomcat-embed-el\9.0.62\tomcat-embed-el-9.0.62.jar;D:\developsoft\maven\repository\org\apache\tomcat\embed\tomcat-embed-websocket\9.0.62\tomcat-embed-websocket-9.0.62.jar;D:\developsoft\maven\repository\org\springframework\spring-web\5.3.19\spring-web-5.3.19.jar;D:\developsoft\maven\repository\org\springframework\spring-beans\5.3.19\spring-beans-5.3.19.jar;D:\developsoft\maven\repository\org\springframework\spring-webmvc\5.3.19\spring-webmvc-5.3.19.jar;D:\developsoft\maven\repository\org\springframework\spring-aop\5.3.19\spring-aop-5.3.19.jar;D:\developsoft\maven\repository\org\springframework\spring-context\5.3.19\spring-context-5.3.19.jar;D:\developsoft\maven\repository\org\springframework\spring-expression\5.3.19\spring-expression-5.3.19.jar;D:\developsoft\maven\repository\org\springframework\boot\spring-boot-starter-test\2.6.7\spring-boot-starter-test-2.6.7.jar;D:\developsoft\maven\repository\org\springframework\boot\spring-boot-test\2.6.7\spring-boot-test-2.6.7.jar;D:\developsoft\maven\repository\org\springframework\boot\spring-boot-test-autoconfigure\2.6.7\spring-boot-test-autoconfigure-2.6.7.jar;D:\developsoft\maven\repository\com\jayway\jsonpath\json-path\2.6.0\json-path-2.6.0.jar;D:\developsoft\maven\repository\net\minidev\json-smart\2.4.8\json-smart-2.4.8.jar;D:\developsoft\maven\repository\net\minidev\accessors-smart\2.4.8\accessors-smart-2.4.8.jar;D:\developsoft\maven\repository\org\ow2\asm\asm\9.1\asm-9.1.jar;D:\developsoft\maven\repository\org\slf4j\slf4j-api\1.7.36\slf4j-api-1.7.36.jar;D:\developsoft\maven\repository\jakarta\xml\bind\jakarta.xml.bind-api\2.3.3\jakarta.xml.bind-api-2.3.3.jar;D:\developsoft\maven\repository\jakarta\activation\jakarta.activation-api\1.2.2\jakarta.activation-api-1.2.2.jar;D:\developsoft\maven\repository\org\assertj\assertj-core\3.21.0\assertj-core-3.21.0.jar;D:\developsoft\maven\repository\org\hamcrest\hamcrest\2.2\hamcrest-2.2.jar;D:\developsoft\maven\repository\org\junit\jupiter\junit-jupiter\5.8.2\junit-jupiter-5.8.2.jar;D:\developsoft\maven\repository\org\junit\jupiter\junit-jupiter-api\5.8.2\junit-jupiter-api-5.8.2.jar;D:\developsoft\maven\repository\org\opentest4j\opentest4j\1.2.0\opentest4j-1.2.0.jar;D:\developsoft\maven\repository\org\junit\platform\junit-platform-commons\1.8.2\junit-platform-commons-1.8.2.jar;D:\developsoft\maven\repository\org\apiguardian\apiguardian-api\1.1.2\apiguardian-api-1.1.2.jar;D:\developsoft\maven\repository\org\junit\jupiter\junit-jupiter-params\5.8.2\junit-jupiter-params-5.8.2.jar;D:\developsoft\maven\repository\org\junit\jupiter\junit-jupiter-engine\5.8.2\junit-jupiter-engine-5.8.2.jar;D:\developsoft\maven\repository\org\junit\platform\junit-platform-engine\1.8.2\junit-platform-engine-1.8.2.jar;D:\developsoft\maven\repository\org\mockito\mockito-core\4.0.0\mockito-core-4.0.0.jar;D:\developsoft\maven\repository\net\bytebuddy\byte-buddy\1.11.22\byte-buddy-1.11.22.jar;D:\developsoft\maven\repository\net\bytebuddy\byte-buddy-agent\1.11.22\byte-buddy-agent-1.11.22.jar;D:\developsoft\maven\repository\org\objenesis\objenesis\3.2\objenesis-3.2.jar;D:\developsoft\maven\repository\org\mockito\mockito-junit-jupiter\4.0.0\mockito-junit-jupiter-4.0.0.jar;D:\developsoft\maven\repository\org\skyscreamer\jsonassert\1.5.0\jsonassert-1.5.0.jar;D:\developsoft\maven\repository\com\vaadin\external\google\android-json\0.0.20131108.vaadin1\android-json-0.0.20131108.vaadin1.jar;D:\developsoft\maven\repository\org\springframework\spring-core\5.3.19\spring-core-5.3.19.jar;D:\developsoft\maven\repository\org\springframework\spring-jcl\5.3.19\spring-jcl-5.3.19.jar;D:\developsoft\maven\repository\org\springframework\spring-test\5.3.19\spring-test-5.3.19.jar;D:\developsoft\maven\repository\org\xmlunit\xmlunit-core\2.8.4\xmlunit-core-2.8.4.jar;D:\developsoft\maven\repository\net\ipip\ipdb\1.1.3\ipdb-1.1.3.jar;D:\developsoft\maven\repository\com\alibaba\fastjson\1.2.60\fastjson-1.2.60.jar;"/>
    <property name="sun.cpu.endian" value="little"/>
    <property name="user.home" value="C:\Users\Lenovo"/>
    <property name="user.language" value="zh"/>
    <property name="java.specification.vendor" value="Oracle Corporation"/>
    <property name="java.home" value="D:\developsoft\java\jdk8\jre"/>
    <property name="basedir" value="E:\ideaworkspace\springboot-test2\springboot-ipdb"/>
    <property name="file.separator" value="\"/>
    <property name="line.separator" value="&#10;"/>
    <property name="java.vm.specification.vendor" value="Oracle Corporation"/>
    <property name="java.specification.name" value="Java Platform API Specification"/>
    <property name="java.awt.graphicsenv" value="sun.awt.Win32GraphicsEnvironment"/>
    <property name="surefire.real.class.path" value="C:\Users\Lenovo\AppData\Local\Temp\surefire5472885714875762009\surefirebooter4148297726335729336.jar"/>
    <property name="sun.boot.class.path" value="D:\developsoft\java\jdk8\jre\lib\resources.jar;D:\developsoft\java\jdk8\jre\lib\rt.jar;D:\developsoft\java\jdk8\jre\lib\sunrsasign.jar;D:\developsoft\java\jdk8\jre\lib\jsse.jar;D:\developsoft\java\jdk8\jre\lib\jce.jar;D:\developsoft\java\jdk8\jre\lib\charsets.jar;D:\developsoft\java\jdk8\jre\lib\jfr.jar;D:\developsoft\java\jdk8\jre\classes"/>
    <property name="user.script" value=""/>
    <property name="sun.management.compiler" value="HotSpot 64-Bit Tiered Compilers"/>
    <property name="java.runtime.version" value="1.8.0_144-b01"/>
    <property name="user.name" value="Lenovo"/>
    <property name="path.separator" value=";"/>
    <property name="os.version" value="10.0"/>
    <property name="java.endorsed.dirs" value="D:\developsoft\java\jdk8\jre\lib\endorsed"/>
    <property name="java.runtime.name" value="Java(TM) SE Runtime Environment"/>
    <property name="file.encoding" value="GBK"/>
    <property name="java.vm.name" value="Java HotSpot(TM) 64-Bit Server VM"/>
    <property name="idea.version2020.1" value="true"/>
    <property name="localRepository" value="D:\developsoft\maven\repository"/>
    <property name="java.vendor.url.bug" value="http://bugreport.sun.com/bugreport/"/>
    <property name="java.io.tmpdir" value="C:\Users\Lenovo\AppData\Local\Temp\"/>
    <property name="java.version" value="1.8.0_144"/>
    <property name="user.dir" value="E:\ideaworkspace\springboot-test2\springboot-ipdb"/>
    <property name="os.arch" value="amd64"/>
    <property name="java.vm.specification.name" value="Java Virtual Machine Specification"/>
    <property name="java.awt.printerjob" value="sun.awt.windows.WPrinterJob"/>
    <property name="sun.os.patch.level" value=""/>
    <property name="java.library.path" value="D:\developsoft\java\jdk8\jre\bin;C:\WINDOWS\Sun\Java\bin;C:\WINDOWS\system32;C:\WINDOWS;C:\ProgramData\Oracle\Java\javapath;D:\developsoft\xshell\;C:\WINDOWS\system32;C:\WINDOWS;C:\WINDOWS\System32\Wbem;C:\WINDOWS\System32\WindowsPowerShell\v1.0\;C:\WINDOWS\System32\OpenSSH\;C:\Program Files\Intel\WiFi\bin\;C:\Program Files\Common Files\Intel\WirelessCommon\;D:\developsoft\java\jdk8\bin;D:\developsoft\java\jdk8\jre\bin;D:\developsoft\apache-maven-3.5.0\bin;D:\developsoft\Redis\;D:\developsoft\Git\cmd;D:\developsoft\xftp\;D:\developsoft\gradle-7.4\bin;D:\developsoft\erlang\erl-24.3.1\bin;D:\Program Files\TortoiseSVN\bin;D:\developsoft\apache-tomcat-8.5.35\lib;D:\developsoft\apache-tomcat-8.5.35\bin;D:\Program Files\TortoiseGit\bin;C:\Users\Lenovo\AppData\Local\Microsoft\WindowsApps;C:\Program Files\Bandizip\;D:\Programs\Microsoft VS Code\bin;."/>
    <property name="java.vm.info" value="mixed mode"/>
    <property name="java.vendor" value="Oracle Corporation"/>
    <property name="java.vm.version" value="25.144-b01"/>
    <property name="java.ext.dirs" value="D:\developsoft\java\jdk8\jre\lib\ext;C:\WINDOWS\Sun\Java\lib\ext"/>
    <property name="sun.io.unicode.encoding" value="UnicodeLittle"/>
    <property name="java.class.version" value="52.0"/>
  </properties>
  <testcase name="contextLoads" classname="com.lengcz.springbootipdb.SpringbootIpdbApplicationTests" time="0.702"/>
</testsuite>